<!DOCTYPE html PUBLIC "-//W3C//DTD XHTML 1.1//EN" "https://www.w3.org/TR/xhtml11/DTD/xhtml11.dtd">
<html xmlns="https://www.w3.org/1999/xhtml">
<head>
<meta http-equiv="content-type" content="text/html; charset=UTF-8"/>
<title>TestNG Report</title>
<style type="text/css">table {margin-bottom:10px;border-collapse:collapse;empty-cells:show}th,td {border:1px solid #009;padding:.25em .5em}th {vertical-align:bottom}td {vertical-align:top}table a {font-weight:bold}.stripe td {background-color: #E6EBF9}.num {text-align:right}.passedodd td {background-color: #3F3}.passedeven td {background-color: #0A0}.skippedodd td {background-color: #DDD}.skippedeven td {background-color: #CCC}.failedodd td,.attn {background-color: #F33}.failedeven td,.stripe .attn {background-color: #D00}.stacktrace {white-space:pre;font-family:monospace}.totop {font-size:85%;text-align:center;border-bottom:2px solid #000}.invisible {display:none}</style>
</head>
<body>
<table>
<tr><th>Test</th><th># Passed</th><th># Skipped</th><th># Retried</th><th># Failed</th><th>Time (ms)</th><th>Included Groups</th><th>Excluded Groups</th></tr>
<tr><th colspan="8">Suite</th></tr>
<tr><td><a href="#t0">Test1</a></td><td class="num">1</td><td class="num">0</td><td class="num">0</td><td class="num attn">2</td><td class="num">41</td><td></td><td></td></tr>
<tr class="stripe"><td><a href="#t1">Test2</a></td><td class="num">4</td><td class="num">0</td><td class="num">0</td><td class="num attn">1</td><td class="num">14</td><td></td><td></td></tr>
<tr><th>Total</th><th class="num">5</th><th class="num">0</th><th class="num">0</th><th class="num attn">3</th><th class="num">55</th><th colspan="2"></th></tr>
</table>
<table id='summary'><thead><tr><th>Class</th><th>Method</th><th>Start</th><th>Time (ms)</th></tr></thead><tbody><tr><th colspan="4">Suite</th></tr></tbody><tbody id="t0"><tr><th colspan="4">Test1 &#8212; failed</th></tr><tr class="failedeven"><td rowspan="2">selenum_4.TestNG_validation</td><td><a href="#m0">validation</a></td><td rowspan="1">1698261249833</td><td rowspan="1">7</td></tr><tr class="failedeven"><td><a href="#m1">validation3</a></td><td rowspan="1">1698261249846</td><td rowspan="1">2</td></tr><tr><th colspan="4">Test1 &#8212; passed</th></tr><tr class="passedeven"><td rowspan="1">selenum_4.TestNG_validation</td><td><a href="#m2">validation2</a></td><td rowspan="1">1698261249843</td><td rowspan="1">2</td></tr></tbody>
<tbody id="t1"><tr><th colspan="4">Test2 &#8212; failed</th></tr><tr class="failedeven"><td rowspan="1">selenum_4.TestNG_dependance</td><td><a href="#m3">userRegister</a></td><td rowspan="1">1698261249884</td><td rowspan="1">1</td></tr><tr><th colspan="4">Test2 &#8212; passed</th></tr><tr class="passedeven"><td rowspan="4">selenum_4.TestNG_dependance</td><td><a href="#m4">HomepageFooter</a></td><td rowspan="1">1698261249891</td><td rowspan="1">1</td></tr><tr class="passedeven"><td><a href="#m5">userLogin</a></td><td rowspan="1">1698261249890</td><td rowspan="1">0</td></tr><tr class="passedeven"><td><a href="#m6">userLoginFooter</a></td><td rowspan="1">1698261249882</td><td rowspan="1">1</td></tr><tr class="passedeven"><td><a href="#m7">userRegisterFooter</a></td><td rowspan="1">1698261249887</td><td rowspan="1">1</td></tr></tbody>
</table>
<h2>Test1</h2><h3 id="m0">selenum_4.TestNG_validation#validation</h3><table class="result"><tr><th>Exception</th></tr><tr><td><div class="stacktrace">java.lang.AssertionError: Actual is not equal to exptecd
	at selenum_4.TestNG_validation.validation(TestNG_validation.java:19)
	at java.util.ArrayList.forEach(ArrayList.java:1259)
... Removed 28 stack frames</div></td></tr></table><p class="totop"><a href="#summary">back to summary</a></p>
<h3 id="m1">selenum_4.TestNG_validation#validation3</h3><table class="result"><tr><th>Exception</th></tr><tr><td><div class="stacktrace">java.lang.AssertionError: The following asserts failed:
	second assertion expected [Yahoo] but found [google],
	3rd assertion expected [gogle] but found [google]
	at selenum_4.TestNG_validation.validation3(TestNG_validation.java:47)
	at java.util.ArrayList.forEach(ArrayList.java:1259)
... Removed 29 stack frames</div></td></tr></table><p class="totop"><a href="#summary">back to summary</a></p>
<h3 id="m2">selenum_4.TestNG_validation#validation2</h3><table class="result"><tr><th class="invisible"/></tr></table><p class="totop"><a href="#summary">back to summary</a></p>
<h2>Test2</h2><h3 id="m3">selenum_4.TestNG_dependance#userRegister</h3><table class="result"><tr><th>Exception</th></tr><tr><td><div class="stacktrace">java.lang.AssertionError: Registration fail
	at selenum_4.TestNG_dependance.userRegister(TestNG_dependance.java:16)
	at java.util.ArrayList.forEach(ArrayList.java:1259)
... Removed 28 stack frames</div></td></tr></table><p class="totop"><a href="#summary">back to summary</a></p>
<h3 id="m4">selenum_4.TestNG_dependance#HomepageFooter</h3><table class="result"><tr><th class="invisible"/></tr></table><p class="totop"><a href="#summary">back to summary</a></p>
<h3 id="m5">selenum_4.TestNG_dependance#userLogin</h3><table class="result"><tr><th class="invisible"/></tr></table><p class="totop"><a href="#summary">back to summary</a></p>
<h3 id="m6">selenum_4.TestNG_dependance#userLoginFooter</h3><table class="result"><tr><th class="invisible"/></tr></table><p class="totop"><a href="#summary">back to summary</a></p>
<h3 id="m7">selenum_4.TestNG_dependance#userRegisterFooter</h3><table class="result"><tr><th class="invisible"/></tr></table><p class="totop"><a href="#summary">back to summary</a></p>
</body>
</html>
